[ 2016-03-16T19:50:11+08:00 ] ::1 /thinkPHP/
INFO: [ app_init ] --START--
INFO: Run Behavior\BuildLiteBehavior [ RunTime:0.000050s ]
INFO: [ app_init ] --END-- [ RunTime:0.000756s ]
INFO: [ app_begin ] --START--
INFO: Run Behavior\ReadHtmlCacheBehavior [ RunTime:0.001574s ]
INFO: [ app_begin ] --END-- [ RunTime:0.001827s ]
INFO: [ view_parse ] --START--
INFO: Run Behavior\ParseTemplateBehavior [ RunTime:0.001040s ]
INFO: [ view_parse ] --END-- [ RunTime:0.001272s ]
INFO: [ view_filter ] --START--
INFO: Run Behavior\WriteHtmlCacheBehavior [ RunTime:0.000953s ]
INFO: [ view_filter ] --END-- [ RunTime:0.001171s ]
INFO: [ app_end ] --START--
INFO: Run Behavior\ShowPageTraceBehavior [ RunTime:0.001034s ]
INFO: [ app_end ] --END-- [ RunTime:0.001216s ]

[ 2016-03-16T19:52:52+08:00 ] ::1 /thinkPHP/
INFO: [ app_init ] --START--
INFO: Run Behavior\BuildLiteBehavior [ RunTime:0.000031s ]
INFO: [ app_init ] --END-- [ RunTime:0.000556s ]
INFO: [ app_begin ] --START--
INFO: Run Behavior\ReadHtmlCacheBehavior [ RunTime:0.001002s ]
INFO: [ app_begin ] --END-- [ RunTime:0.001183s ]
INFO: [ view_parse ] --START--
INFO: Run Behavior\ParseTemplateBehavior [ RunTime:0.000793s ]
INFO: [ view_parse ] --END-- [ RunTime:0.000997s ]
INFO: [ view_filter ] --START--
INFO: Run Behavior\WriteHtmlCacheBehavior [ RunTime:0.000719s ]
INFO: [ view_filter ] --END-- [ RunTime:0.000901s ]
INFO: [ app_end ] --START--
INFO: Run Behavior\ShowPageTraceBehavior [ RunTime:0.001191s ]
INFO: [ app_end ] --END-- [ RunTime:0.001391s ]

